<?xml version="1.0" encoding="UTF-8"?>
<testsuite xmlns:xsi="http://www.w3.org/2001/XMLSchema-instance" xsi:noNamespaceSchemaLocation="https://maven.apache.org/surefire/maven-surefire-plugin/xsd/surefire-test-report-3.0.xsd" version="3.0" name="co.edu.uco.easy.victusresidencias.victus_api.VictusRApplicationTests" time="5.238" tests="1" errors="0" skipped="0" failures="0">
  <properties>
[...]
</properties>
  <testcase name="contextLoads" classname="co.edu.uco.easy.victusresidencias.victus_api.VictusRApplicationTests" time="0.529">
    <system-out><![CDATA[09:21:24.060 [main] INFO org.springframework.test.context.support.AnnotationConfigContextLoaderUtils -- Could not detect default configuration classes for test class [co.edu.uco.easy.victusresidencias.victus_api.VictusRApplicationTests]: VictusRApplicationTests does not declare any static, non-private, non-final, nested classes annotated with @Configuration.
09:21:24.219 [main] INFO org.springframework.boot.test.context.SpringBootTestContextBootstrapper -- Found @SpringBootConfiguration co.edu.uco.easy.victusresidencias.victus_api.VictusRApplication for test class co.edu.uco.easy.victusresidencias.victus_api.VictusRApplicationTests

  .   ____          _            __ _ _
 /\\ / ___'_ __ _ _(_)_ __  __ _ \ \ \ \
( ( )\___ | '_ | '_| | '_ \/ _` | \ \ \ \
 \\/  ___)| |_)| | | | | || (_| |  ) ) ) )
  '  |____| .__|_| |_|_| |_\__, | / / / /
 =========|_|==============|___/=/_/_/_/
 :: Spring Boot ::               (v3.2.12)

2025-10-06T09:21:24.750-05:00  INFO 16316 --- [victusR] [           main] c.e.u.e.v.v.VictusRApplicationTests      : Starting VictusRApplicationTests using Java 25 with PID 16316 (started by andre in E:\Card SK hynix 2TB\development2025\SoftwareVICTUS\backendRender\Prueba de apis\Eclipce\VictusLittleBackend)
2025-10-06T09:21:24.752-05:00  INFO 16316 --- [victusR] [           main] c.e.u.e.v.v.VictusRApplicationTests      : No active profile set, falling back to 1 default profile: "default"
2025-10-06T09:21:25.480-05:00  INFO 16316 --- [victusR] [           main] .s.d.r.c.RepositoryConfigurationDelegate : Bootstrapping Spring Data JPA repositories in DEFAULT mode.
2025-10-06T09:21:25.523-05:00  INFO 16316 --- [victusR] [           main] .s.d.r.c.RepositoryConfigurationDelegate : Finished Spring Data repository scanning in 29 ms. Found 0 JPA repository interfaces.
2025-10-06T09:21:26.091-05:00  INFO 16316 --- [victusR] [           main] o.hibernate.jpa.internal.util.LogHelper  : HHH000204: Processing PersistenceUnitInfo [name: default]
2025-10-06T09:21:26.154-05:00  INFO 16316 --- [victusR] [           main] org.hibernate.Version                    : HHH000412: Hibernate ORM core version 6.4.10.Final
2025-10-06T09:21:26.194-05:00  INFO 16316 --- [victusR] [           main] o.h.c.internal.RegionFactoryInitiator    : HHH000026: Second-level cache disabled
2025-10-06T09:21:26.609-05:00  INFO 16316 --- [victusR] [           main] o.s.o.j.p.SpringPersistenceUnitInfo      : No LoadTimeWeaver setup: ignoring JPA class transformer
2025-10-06T09:21:26.643-05:00  INFO 16316 --- [victusR] [           main] com.zaxxer.hikari.HikariDataSource       : HikariPool-1 - Starting...
2025-10-06T09:21:27.103-05:00  INFO 16316 --- [victusR] [           main] com.zaxxer.hikari.pool.HikariPool        : HikariPool-1 - Added connection org.postgresql.jdbc.PgConnection@4bce62b
2025-10-06T09:21:27.105-05:00  INFO 16316 --- [victusR] [           main] com.zaxxer.hikari.HikariDataSource       : HikariPool-1 - Start completed.
2025-10-06T09:21:27.154-05:00  WARN 16316 --- [victusR] [           main] org.hibernate.orm.deprecation            : HHH90000025: PostgreSQLDialect does not need to be specified explicitly using 'hibernate.dialect' (remove the property setting and it will be selected by default)
2025-10-06T09:21:27.585-05:00  INFO 16316 --- [victusR] [           main] o.h.e.t.j.p.i.JtaPlatformInitiator       : HHH000489: No JTA platform available (set 'hibernate.transaction.jta.platform' to enable JTA platform integration)
2025-10-06T09:21:27.590-05:00  INFO 16316 --- [victusR] [           main] j.LocalContainerEntityManagerFactoryBean : Initialized JPA EntityManagerFactory for persistence unit 'default'
Buen trabajo se conecto a la base de datos
2025-10-06T09:21:27.986-05:00  WARN 16316 --- [victusR] [           main] JpaBaseConfiguration$JpaWebConfiguration : spring.jpa.open-in-view is enabled by default. Therefore, database queries may be performed during view rendering. Explicitly configure spring.jpa.open-in-view to disable this warning
2025-10-06T09:21:28.564-05:00  INFO 16316 --- [victusR] [           main] c.e.u.e.v.v.VictusRApplicationTests      : Started VictusRApplicationTests in 4.139 seconds (process running for 5.451)
]]></system-out>
    <system-err><![CDATA[WARNING: A Java agent has been loaded dynamically (C:\Users\andre\.m2\repository\net\bytebuddy\byte-buddy-agent\1.14.19\byte-buddy-agent-1.14.19.jar)
WARNING: If a serviceability tool is in use, please run with -XX:+EnableDynamicAgentLoading to hide this warning
WARNING: If a serviceability tool is not in use, please run with -Djdk.instrument.traceUsage for more information
WARNING: Dynamic loading of agents will be disallowed by default in a future release
]]></system-err>
  </testcase>
</testsuite>